0 info it worked if it ends with ok
1 verbose cli [ '/usr/local/bin/node',
1 verbose cli   '/usr/local/bin/npm',
1 verbose cli   'run',
1 verbose cli   'start:merning2' ]
2 info using npm@4.0.5
3 info using node@v7.4.0
4 verbose run-script [ 'prestart:merning2', 'start:merning2', 'poststart:merning2' ]
5 info lifecycle merning2@1.0.0~prestart:merning2: merning2@1.0.0
6 silly lifecycle merning2@1.0.0~prestart:merning2: no script for prestart:merning2, continuing
7 info lifecycle merning2@1.0.0~start:merning2: merning2@1.0.0
8 verbose lifecycle merning2@1.0.0~start:merning2: unsafe-perm in lifecycle true
9 verbose lifecycle merning2@1.0.0~start:merning2: PATH: /usr/local/lib/node_modules/npm/bin/node-gyp-bin:/Users/marcosebello/Desktop/RCB/merning2/node_modules/.bin:/Library/Frameworks/Python.framework/Versions/3.4/bin:/Library/Frameworks/Python.framework/Versions/3.4/bin:/Library/Frameworks/Python.framework/Versions/3.4/bin:/usr/local/bin:/usr/bin:/bin:/usr/sbin:/sbin
10 verbose lifecycle merning2@1.0.0~start:merning2: CWD: /Users/marcosebello/Desktop/RCB/merning2
11 silly lifecycle merning2@1.0.0~start:merning2: Args: [ '-c', ' node /app.js' ]
12 silly lifecycle merning2@1.0.0~start:merning2: Returned: code: 1  signal: null
13 info lifecycle merning2@1.0.0~start:merning2: Failed to exec start:merning2 script
14 verbose stack Error: merning2@1.0.0 start:merning2: ` node /app.js`
14 verbose stack Exit status 1
14 verbose stack     at EventEmitter.<anonymous> (/usr/local/lib/node_modules/npm/lib/utils/lifecycle.js:279:16)
14 verbose stack     at emitTwo (events.js:106:13)
14 verbose stack     at EventEmitter.emit (events.js:191:7)
14 verbose stack     at ChildProcess.<anonymous> (/usr/local/lib/node_modules/npm/lib/utils/spawn.js:40:14)
14 verbose stack     at emitTwo (events.js:106:13)
14 verbose stack     at ChildProcess.emit (events.js:191:7)
14 verbose stack     at maybeClose (internal/child_process.js:885:16)
14 verbose stack     at Process.ChildProcess._handle.onexit (internal/child_process.js:226:5)
15 verbose pkgid merning2@1.0.0
16 verbose cwd /Users/marcosebello/Desktop/RCB/merning2
17 error Darwin 14.5.0
18 error argv "/usr/local/bin/node" "/usr/local/bin/npm" "run" "start:merning2"
19 error node v7.4.0
20 error npm  v4.0.5
21 error code ELIFECYCLE
22 error merning2@1.0.0 start:merning2: ` node /app.js`
22 error Exit status 1
23 error Failed at the merning2@1.0.0 start:merning2 script ' node /app.js'.
23 error Make sure you have the latest version of node.js and npm installed.
23 error If you do, this is most likely a problem with the merning2 package,
23 error not with npm itself.
23 error Tell the author that this fails on your system:
23 error      node /app.js
23 error You can get information on how to open an issue for this project with:
23 error     npm bugs merning2
23 error Or if that isn't available, you can get their info via:
23 error     npm owner ls merning2
23 error There is likely additional logging output above.
24 verbose exit [ 1, true ]
